mode: set
github.com/dobrovols/chainctl/cmd/chainctl/app/app.go:6.37,15.2 3 0
github.com/dobrovols/chainctl/cmd/chainctl/app/upgrade.go:48.36,48.60 1 1
github.com/dobrovols/chainctl/cmd/chainctl/app/upgrade.go:51.41,51.70 1 1
github.com/dobrovols/chainctl/cmd/chainctl/app/upgrade.go:54.35,54.66 1 0
github.com/dobrovols/chainctl/cmd/chainctl/app/upgrade.go:64.41,69.55 2 0
github.com/dobrovols/chainctl/cmd/chainctl/app/upgrade.go:69.55,72.4 2 0
github.com/dobrovols/chainctl/cmd/chainctl/app/upgrade.go:75.2,82.12 7 0
github.com/dobrovols/chainctl/cmd/chainctl/app/upgrade.go:86.89,88.2 1 1
github.com/dobrovols/chainctl/cmd/chainctl/app/upgrade.go:90.82,91.46 1 1
github.com/dobrovols/chainctl/cmd/chainctl/app/upgrade.go:91.46,93.3 1 1
github.com/dobrovols/chainctl/cmd/chainctl/app/upgrade.go:94.2,94.51 1 1
github.com/dobrovols/chainctl/cmd/chainctl/app/upgrade.go:94.51,96.3 1 1
github.com/dobrovols/chainctl/cmd/chainctl/app/upgrade.go:98.2,99.16 2 1
github.com/dobrovols/chainctl/cmd/chainctl/app/upgrade.go:99.16,101.3 1 0
github.com/dobrovols/chainctl/cmd/chainctl/app/upgrade.go:103.2,104.16 2 1
github.com/dobrovols/chainctl/cmd/chainctl/app/upgrade.go:104.16,106.3 1 0
github.com/dobrovols/chainctl/cmd/chainctl/app/upgrade.go:108.2,109.22 2 1
github.com/dobrovols/chainctl/cmd/chainctl/app/upgrade.go:109.22,111.3 1 0
github.com/dobrovols/chainctl/cmd/chainctl/app/upgrade.go:113.2,114.20 2 1
github.com/dobrovols/chainctl/cmd/chainctl/app/upgrade.go:114.20,116.3 1 0
github.com/dobrovols/chainctl/cmd/chainctl/app/upgrade.go:117.2,119.109 2 1
github.com/dobrovols/chainctl/cmd/chainctl/app/upgrade.go:119.109,121.3 1 1
github.com/dobrovols/chainctl/cmd/chainctl/app/upgrade.go:121.17,123.3 1 0
github.com/dobrovols/chainctl/cmd/chainctl/app/upgrade.go:125.2,125.46 1 1
github.com/dobrovols/chainctl/cmd/chainctl/app/upgrade.go:128.65,138.2 2 1
github.com/dobrovols/chainctl/cmd/chainctl/app/upgrade.go:140.105,141.24 1 1
github.com/dobrovols/chainctl/cmd/chainctl/app/upgrade.go:141.24,143.3 1 1
github.com/dobrovols/chainctl/cmd/chainctl/app/upgrade.go:144.2,145.19 2 0
github.com/dobrovols/chainctl/cmd/chainctl/app/upgrade.go:145.19,147.3 1 0
github.com/dobrovols/chainctl/cmd/chainctl/app/upgrade.go:148.2,148.69 1 0
github.com/dobrovols/chainctl/cmd/chainctl/app/upgrade.go:151.83,152.16 1 1
github.com/dobrovols/chainctl/cmd/chainctl/app/upgrade.go:153.14,155.13 2 1
github.com/dobrovols/chainctl/cmd/chainctl/app/upgrade.go:156.14,163.60 2 1
github.com/dobrovols/chainctl/cmd/chainctl/app/upgrade.go:164.10,165.30 1 0
github.com/dobrovols/chainctl/cmd/chainctl/app/upgrade.go:171.69,171.83 1 0
github.com/dobrovols/chainctl/cmd/chainctl/main.go:14.13,17.16 3 0
github.com/dobrovols/chainctl/cmd/chainctl/main.go:17.16,19.3 1 0
github.com/dobrovols/chainctl/cmd/chainctl/main.go:20.2,20.21 1 0
github.com/dobrovols/chainctl/cmd/chainctl/main.go:20.21,22.16 2 0
github.com/dobrovols/chainctl/cmd/chainctl/main.go:22.16,24.47 2 0
github.com/dobrovols/chainctl/cmd/chainctl/main.go:24.47,26.5 1 0
github.com/dobrovols/chainctl/cmd/chainctl/main.go:30.2,31.38 2 0
github.com/dobrovols/chainctl/cmd/chainctl/main.go:31.38,33.30 2 0
github.com/dobrovols/chainctl/cmd/chainctl/main.go:33.30,35.4 1 0
github.com/dobrovols/chainctl/cmd/chainctl/main.go:36.3,37.13 2 0
github.com/dobrovols/chainctl/cmd/chainctl/cluster/cluster.go:6.41,15.2 4 0
github.com/dobrovols/chainctl/cmd/chainctl/cluster/install.go:63.32,63.60 1 0
github.com/dobrovols/chainctl/cmd/chainctl/cluster/install.go:66.36,66.68 1 0
github.com/dobrovols/chainctl/cmd/chainctl/cluster/install.go:69.35,69.66 1 0
github.com/dobrovols/chainctl/cmd/chainctl/cluster/install.go:84.55,84.69 1 0
github.com/dobrovols/chainctl/cmd/chainctl/cluster/install.go:88.64,88.78 1 0
github.com/dobrovols/chainctl/cmd/chainctl/cluster/install.go:91.41,97.55 2 0
github.com/dobrovols/chainctl/cmd/chainctl/cluster/install.go:97.55,100.4 2 0
github.com/dobrovols/chainctl/cmd/chainctl/cluster/install.go:103.2,113.12 10 0
github.com/dobrovols/chainctl/cmd/chainctl/cluster/install.go:117.89,119.2 1 1
github.com/dobrovols/chainctl/cmd/chainctl/cluster/install.go:121.82,122.46 1 1
github.com/dobrovols/chainctl/cmd/chainctl/cluster/install.go:122.46,124.3 1 0
github.com/dobrovols/chainctl/cmd/chainctl/cluster/install.go:126.2,127.16 2 1
github.com/dobrovols/chainctl/cmd/chainctl/cluster/install.go:127.16,129.3 1 1
github.com/dobrovols/chainctl/cmd/chainctl/cluster/install.go:131.2,131.64 1 1
github.com/dobrovols/chainctl/cmd/chainctl/cluster/install.go:131.64,133.3 1 0
github.com/dobrovols/chainctl/cmd/chainctl/cluster/install.go:135.2,136.22 2 1
github.com/dobrovols/chainctl/cmd/chainctl/cluster/install.go:136.22,138.3 1 0
github.com/dobrovols/chainctl/cmd/chainctl/cluster/install.go:140.2,147.24 2 1
github.com/dobrovols/chainctl/cmd/chainctl/cluster/install.go:147.24,149.3 1 1
github.com/dobrovols/chainctl/cmd/chainctl/cluster/install.go:151.2,152.20 2 1
github.com/dobrovols/chainctl/cmd/chainctl/cluster/install.go:152.20,154.3 1 0
github.com/dobrovols/chainctl/cmd/chainctl/cluster/install.go:155.2,157.38 2 1
github.com/dobrovols/chainctl/cmd/chainctl/cluster/install.go:157.38,159.20 2 1
github.com/dobrovols/chainctl/cmd/chainctl/cluster/install.go:159.20,161.4 1 0
github.com/dobrovols/chainctl/cmd/chainctl/cluster/install.go:162.3,163.17 2 1
github.com/dobrovols/chainctl/cmd/chainctl/cluster/install.go:163.17,165.4 1 0
github.com/dobrovols/chainctl/cmd/chainctl/cluster/install.go:166.3,166.17 1 1
github.com/dobrovols/chainctl/cmd/chainctl/cluster/install.go:166.17,168.24 2 1
github.com/dobrovols/chainctl/cmd/chainctl/cluster/install.go:168.24,170.5 1 0
github.com/dobrovols/chainctl/cmd/chainctl/cluster/install.go:171.4,171.41 1 1
github.com/dobrovols/chainctl/cmd/chainctl/cluster/install.go:171.41,173.5 1 0
github.com/dobrovols/chainctl/cmd/chainctl/cluster/install.go:177.2,178.16 2 1
github.com/dobrovols/chainctl/cmd/chainctl/cluster/install.go:178.16,180.3 1 0
github.com/dobrovols/chainctl/cmd/chainctl/cluster/install.go:182.2,182.17 1 1
github.com/dobrovols/chainctl/cmd/chainctl/cluster/install.go:182.17,184.3 1 1
github.com/dobrovols/chainctl/cmd/chainctl/cluster/install.go:186.2,186.114 1 1
github.com/dobrovols/chainctl/cmd/chainctl/cluster/install.go:186.114,187.43 1 1
github.com/dobrovols/chainctl/cmd/chainctl/cluster/install.go:187.43,189.4 1 1
github.com/dobrovols/chainctl/cmd/chainctl/cluster/install.go:190.3,190.13 1 1
github.com/dobrovols/chainctl/cmd/chainctl/cluster/install.go:191.17,193.3 1 0
github.com/dobrovols/chainctl/cmd/chainctl/cluster/install.go:195.2,195.109 1 1
github.com/dobrovols/chainctl/cmd/chainctl/cluster/install.go:195.109,197.3 1 1
github.com/dobrovols/chainctl/cmd/chainctl/cluster/install.go:197.17,199.3 1 0
github.com/dobrovols/chainctl/cmd/chainctl/cluster/install.go:201.2,201.69 1 1
github.com/dobrovols/chainctl/cmd/chainctl/cluster/install.go:204.108,205.24 1 1
github.com/dobrovols/chainctl/cmd/chainctl/cluster/install.go:205.24,207.3 1 1
github.com/dobrovols/chainctl/cmd/chainctl/cluster/install.go:208.2,209.19 2 0
github.com/dobrovols/chainctl/cmd/chainctl/cluster/install.go:209.19,211.3 1 0
github.com/dobrovols/chainctl/cmd/chainctl/cluster/install.go:212.2,213.46 2 0
github.com/dobrovols/chainctl/cmd/chainctl/cluster/install.go:216.65,218.70 2 1
github.com/dobrovols/chainctl/cmd/chainctl/cluster/install.go:218.70,220.3 1 1
github.com/dobrovols/chainctl/cmd/chainctl/cluster/install.go:222.2,232.28 2 1
github.com/dobrovols/chainctl/cmd/chainctl/cluster/install.go:235.71,240.16 5 0
github.com/dobrovols/chainctl/cmd/chainctl/cluster/install.go:240.16,243.3 2 0
github.com/dobrovols/chainctl/cmd/chainctl/cluster/install.go:244.2,244.17 1 0
github.com/dobrovols/chainctl/cmd/chainctl/cluster/install.go:247.114,248.16 1 1
github.com/dobrovols/chainctl/cmd/chainctl/cluster/install.go:249.14,251.13 2 1
github.com/dobrovols/chainctl/cmd/chainctl/cluster/install.go:251.13,253.4 1 1
github.com/dobrovols/chainctl/cmd/chainctl/cluster/install.go:254.3,255.15 2 1
github.com/dobrovols/chainctl/cmd/chainctl/cluster/install.go:255.15,257.4 1 0
github.com/dobrovols/chainctl/cmd/chainctl/cluster/install.go:258.3,258.13 1 1
github.com/dobrovols/chainctl/cmd/chainctl/cluster/install.go:259.14,268.15 2 1
github.com/dobrovols/chainctl/cmd/chainctl/cluster/install.go:268.15,270.4 1 0
github.com/dobrovols/chainctl/cmd/chainctl/cluster/install.go:271.3,271.60 1 1
github.com/dobrovols/chainctl/cmd/chainctl/cluster/install.go:272.10,273.30 1 0
github.com/dobrovols/chainctl/cmd/chainctl/cluster/upgrade.go:44.33,44.70 1 1
github.com/dobrovols/chainctl/cmd/chainctl/cluster/upgrade.go:47.28,47.60 1 1
github.com/dobrovols/chainctl/cmd/chainctl/cluster/upgrade.go:56.41,61.55 2 0
github.com/dobrovols/chainctl/cmd/chainctl/cluster/upgrade.go:61.55,64.4 2 0
github.com/dobrovols/chainctl/cmd/chainctl/cluster/upgrade.go:67.2,73.12 6 0
github.com/dobrovols/chainctl/cmd/chainctl/cluster/upgrade.go:77.96,79.2 1 1
github.com/dobrovols/chainctl/cmd/chainctl/cluster/upgrade.go:81.89,82.51 1 1
github.com/dobrovols/chainctl/cmd/chainctl/cluster/upgrade.go:82.51,84.3 1 1
github.com/dobrovols/chainctl/cmd/chainctl/cluster/upgrade.go:85.2,85.46 1 1
github.com/dobrovols/chainctl/cmd/chainctl/cluster/upgrade.go:85.46,87.3 1 1
github.com/dobrovols/chainctl/cmd/chainctl/cluster/upgrade.go:89.2,101.20 4 1
github.com/dobrovols/chainctl/cmd/chainctl/cluster/upgrade.go:101.20,103.3 1 1
github.com/dobrovols/chainctl/cmd/chainctl/cluster/upgrade.go:104.2,105.20 2 1
github.com/dobrovols/chainctl/cmd/chainctl/cluster/upgrade.go:105.20,107.3 1 0
github.com/dobrovols/chainctl/cmd/chainctl/cluster/upgrade.go:109.2,111.110 2 1
github.com/dobrovols/chainctl/cmd/chainctl/cluster/upgrade.go:111.110,113.3 1 1
github.com/dobrovols/chainctl/cmd/chainctl/cluster/upgrade.go:113.17,115.3 1 0
github.com/dobrovols/chainctl/cmd/chainctl/cluster/upgrade.go:117.2,117.59 1 1
github.com/dobrovols/chainctl/cmd/chainctl/cluster/upgrade.go:120.109,121.16 1 1
github.com/dobrovols/chainctl/cmd/chainctl/cluster/upgrade.go:122.14,124.13 2 1
github.com/dobrovols/chainctl/cmd/chainctl/cluster/upgrade.go:125.14,132.36 2 1
github.com/dobrovols/chainctl/cmd/chainctl/cluster/upgrade.go:132.36,134.4 1 1
github.com/dobrovols/chainctl/cmd/chainctl/cluster/upgrade.go:135.3,135.60 1 1
github.com/dobrovols/chainctl/cmd/chainctl/cluster/upgrade.go:136.10,137.30 1 0
github.com/dobrovols/chainctl/cmd/chainctl/node/join.go:29.32,31.2 1 0
github.com/dobrovols/chainctl/cmd/chainctl/node/join.go:34.38,40.55 2 1
github.com/dobrovols/chainctl/cmd/chainctl/node/join.go:40.55,43.4 2 0
github.com/dobrovols/chainctl/cmd/chainctl/node/join.go:46.2,53.12 7 1
github.com/dobrovols/chainctl/cmd/chainctl/node/join.go:57.93,59.2 1 1
github.com/dobrovols/chainctl/cmd/chainctl/node/join.go:61.86,62.51 1 1
github.com/dobrovols/chainctl/cmd/chainctl/node/join.go:62.51,64.3 1 1
github.com/dobrovols/chainctl/cmd/chainctl/node/join.go:65.2,66.16 2 1
github.com/dobrovols/chainctl/cmd/chainctl/node/join.go:66.16,68.3 1 1
github.com/dobrovols/chainctl/cmd/chainctl/node/join.go:69.2,69.41 1 1
github.com/dobrovols/chainctl/cmd/chainctl/node/join.go:69.41,71.3 1 1
github.com/dobrovols/chainctl/cmd/chainctl/node/join.go:73.2,73.57 1 1
github.com/dobrovols/chainctl/cmd/chainctl/node/join.go:73.57,75.3 1 0
github.com/dobrovols/chainctl/cmd/chainctl/node/join.go:77.2,77.21 1 1
github.com/dobrovols/chainctl/cmd/chainctl/node/join.go:78.14,88.29 4 1
github.com/dobrovols/chainctl/cmd/chainctl/node/join.go:89.14,91.13 2 1
github.com/dobrovols/chainctl/cmd/chainctl/node/join.go:92.10,93.65 1 0
github.com/dobrovols/chainctl/cmd/chainctl/node/join.go:103.31,103.58 1 1
github.com/dobrovols/chainctl/cmd/chainctl/node/join.go:106.33,106.62 1 1
github.com/dobrovols/chainctl/cmd/chainctl/node/node.go:6.38,16.2 4 1
github.com/dobrovols/chainctl/cmd/chainctl/node/token.go:29.32,32.2 1 1
github.com/dobrovols/chainctl/cmd/chainctl/node/token.go:35.39,41.55 2 1
github.com/dobrovols/chainctl/cmd/chainctl/node/token.go:41.55,44.4 2 1
github.com/dobrovols/chainctl/cmd/chainctl/node/token.go:47.2,52.12 5 1
github.com/dobrovols/chainctl/cmd/chainctl/node/token.go:56.98,58.2 1 1
github.com/dobrovols/chainctl/cmd/chainctl/node/token.go:60.91,62.16 2 1
github.com/dobrovols/chainctl/cmd/chainctl/node/token.go:62.16,64.3 1 1
github.com/dobrovols/chainctl/cmd/chainctl/node/token.go:66.2,67.16 2 1
github.com/dobrovols/chainctl/cmd/chainctl/node/token.go:67.16,69.3 1 0
github.com/dobrovols/chainctl/cmd/chainctl/node/token.go:71.2,77.16 2 1
github.com/dobrovols/chainctl/cmd/chainctl/node/token.go:77.16,79.3 1 0
github.com/dobrovols/chainctl/cmd/chainctl/node/token.go:81.2,81.21 1 1
github.com/dobrovols/chainctl/cmd/chainctl/node/token.go:82.14,92.29 4 1
github.com/dobrovols/chainctl/cmd/chainctl/node/token.go:93.14,95.32 2 1
github.com/dobrovols/chainctl/cmd/chainctl/node/token.go:95.32,97.4 1 0
github.com/dobrovols/chainctl/cmd/chainctl/node/token.go:98.3,98.13 1 1
github.com/dobrovols/chainctl/cmd/chainctl/node/token.go:99.10,100.65 1 0
github.com/dobrovols/chainctl/cmd/chainctl/node/token.go:107.29,107.54 1 1
github.com/dobrovols/chainctl/cmd/chainctl/node/token.go:109.51,110.13 1 1
github.com/dobrovols/chainctl/cmd/chainctl/node/token.go:111.16,112.33 1 1
github.com/dobrovols/chainctl/cmd/chainctl/node/token.go:113.23,114.39 1 1
github.com/dobrovols/chainctl/cmd/chainctl/node/token.go:115.10,116.28 1 1
github.com/dobrovols/chainctl/pkg/bootstrap/bootstrap.go:32.56,33.14 1 1
github.com/dobrovols/chainctl/pkg/bootstrap/bootstrap.go:33.14,35.3 1 0
github.com/dobrovols/chainctl/pkg/bootstrap/bootstrap.go:36.2,36.14 1 1
github.com/dobrovols/chainctl/pkg/bootstrap/bootstrap.go:36.14,38.3 1 0
github.com/dobrovols/chainctl/pkg/bootstrap/bootstrap.go:39.2,39.71 1 1
github.com/dobrovols/chainctl/pkg/bootstrap/bootstrap.go:43.65,44.42 1 1
github.com/dobrovols/chainctl/pkg/bootstrap/bootstrap.go:44.42,46.3 1 1
github.com/dobrovols/chainctl/pkg/bootstrap/bootstrap.go:48.2,54.21 3 1
github.com/dobrovols/chainctl/pkg/bootstrap/bootstrap.go:54.21,56.3 1 1
github.com/dobrovols/chainctl/pkg/bootstrap/bootstrap.go:58.2,58.76 1 1
github.com/dobrovols/chainctl/pkg/bootstrap/bootstrap.go:58.76,59.48 1 1
github.com/dobrovols/chainctl/pkg/bootstrap/bootstrap.go:59.48,61.4 1 1
github.com/dobrovols/chainctl/pkg/bootstrap/bootstrap.go:62.3,64.48 3 0
github.com/dobrovols/chainctl/pkg/bootstrap/bootstrap.go:64.48,66.4 1 0
github.com/dobrovols/chainctl/pkg/bootstrap/bootstrap.go:67.3,67.34 1 0
github.com/dobrovols/chainctl/pkg/bootstrap/bootstrap.go:70.2,71.21 2 1
github.com/dobrovols/chainctl/pkg/bootstrap/bootstrap.go:71.21,73.3 1 0
github.com/dobrovols/chainctl/pkg/bootstrap/bootstrap.go:75.2,78.47 3 1
github.com/dobrovols/chainctl/pkg/bootstrap/bootstrap.go:78.47,80.3 1 1
github.com/dobrovols/chainctl/pkg/bootstrap/bootstrap.go:82.2,82.33 1 1
github.com/dobrovols/chainctl/pkg/bootstrap/bootstrap.go:87.69,88.19 1 0
github.com/dobrovols/chainctl/pkg/bootstrap/bootstrap.go:88.19,90.3 1 0
github.com/dobrovols/chainctl/pkg/bootstrap/bootstrap.go:91.2,95.22 5 0
github.com/dobrovols/chainctl/pkg/bootstrap/bootstrap.go:100.56,103.2 2 0
github.com/dobrovols/chainctl/pkg/bootstrap/bootstrap.go:105.45,107.24 2 0
github.com/dobrovols/chainctl/pkg/bootstrap/bootstrap.go:107.24,109.3 1 0
github.com/dobrovols/chainctl/pkg/bootstrap/bootstrap.go:110.2,110.12 1 0
github.com/dobrovols/chainctl/pkg/bundle/bundle.go:58.45,60.2 1 1
github.com/dobrovols/chainctl/pkg/bundle/bundle.go:63.55,65.49 2 1
github.com/dobrovols/chainctl/pkg/bundle/bundle.go:65.49,67.3 1 0
github.com/dobrovols/chainctl/pkg/bundle/bundle.go:68.2,68.24 1 1
github.com/dobrovols/chainctl/pkg/bundle/bundle.go:68.24,70.3 1 0
github.com/dobrovols/chainctl/pkg/bundle/bundle.go:71.2,71.15 1 1
github.com/dobrovols/chainctl/pkg/bundle/bundle.go:83.47,86.2 2 1
github.com/dobrovols/chainctl/pkg/bundle/bundle.go:89.59,90.23 1 1
github.com/dobrovols/chainctl/pkg/bundle/bundle.go:90.23,92.3 1 0
github.com/dobrovols/chainctl/pkg/bundle/bundle.go:93.2,93.21 1 1
github.com/dobrovols/chainctl/pkg/bundle/bundle.go:93.21,95.3 1 0
github.com/dobrovols/chainctl/pkg/bundle/bundle.go:97.2,98.16 2 1
github.com/dobrovols/chainctl/pkg/bundle/bundle.go:98.16,100.3 1 0
github.com/dobrovols/chainctl/pkg/bundle/bundle.go:102.2,106.49 4 1
github.com/dobrovols/chainctl/pkg/bundle/bundle.go:106.49,108.3 1 0
github.com/dobrovols/chainctl/pkg/bundle/bundle.go:109.2,109.55 1 1
github.com/dobrovols/chainctl/pkg/bundle/bundle.go:109.55,111.3 1 0
github.com/dobrovols/chainctl/pkg/bundle/bundle.go:113.2,116.6 3 1
github.com/dobrovols/chainctl/pkg/bundle/bundle.go:116.6,118.29 2 1
github.com/dobrovols/chainctl/pkg/bundle/bundle.go:118.29,119.9 1 1
github.com/dobrovols/chainctl/pkg/bundle/bundle.go:121.3,121.17 1 1
github.com/dobrovols/chainctl/pkg/bundle/bundle.go:121.17,123.4 1 0
github.com/dobrovols/chainctl/pkg/bundle/bundle.go:125.3,125.34 1 1
github.com/dobrovols/chainctl/pkg/bundle/bundle.go:125.34,127.18 2 0
github.com/dobrovols/chainctl/pkg/bundle/bundle.go:127.18,129.5 1 0
github.com/dobrovols/chainctl/pkg/bundle/bundle.go:130.4,130.72 1 0
github.com/dobrovols/chainctl/pkg/bundle/bundle.go:130.72,132.5 1 0
github.com/dobrovols/chainctl/pkg/bundle/bundle.go:133.4,133.12 1 0
github.com/dobrovols/chainctl/pkg/bundle/bundle.go:136.3,137.17 2 1
github.com/dobrovols/chainctl/pkg/bundle/bundle.go:137.17,139.4 1 0
github.com/dobrovols/chainctl/pkg/bundle/bundle.go:141.3,141.70 1 1
github.com/dobrovols/chainctl/pkg/bundle/bundle.go:141.70,143.4 1 0
github.com/dobrovols/chainctl/pkg/bundle/bundle.go:145.3,146.45 2 1
github.com/dobrovols/chainctl/pkg/bundle/bundle.go:146.45,148.4 1 0
github.com/dobrovols/chainctl/pkg/bundle/bundle.go:150.3,150.32 1 1
github.com/dobrovols/chainctl/pkg/bundle/bundle.go:150.32,152.12 2 1
github.com/dobrovols/chainctl/pkg/bundle/bundle.go:155.3,155.86 1 1
github.com/dobrovols/chainctl/pkg/bundle/bundle.go:155.86,157.4 1 0
github.com/dobrovols/chainctl/pkg/bundle/bundle.go:160.2,160.26 1 1
github.com/dobrovols/chainctl/pkg/bundle/bundle.go:160.26,162.3 1 0
github.com/dobrovols/chainctl/pkg/bundle/bundle.go:164.2,165.16 2 1
github.com/dobrovols/chainctl/pkg/bundle/bundle.go:165.16,167.3 1 0
github.com/dobrovols/chainctl/pkg/bundle/bundle.go:169.2,169.48 1 1
github.com/dobrovols/chainctl/pkg/bundle/bundle.go:169.48,171.17 2 1
github.com/dobrovols/chainctl/pkg/bundle/bundle.go:171.17,173.4 1 0
github.com/dobrovols/chainctl/pkg/bundle/bundle.go:174.3,175.17 2 1
github.com/dobrovols/chainctl/pkg/bundle/bundle.go:175.17,177.4 1 0
github.com/dobrovols/chainctl/pkg/bundle/bundle.go:178.3,180.43 3 1
github.com/dobrovols/chainctl/pkg/bundle/bundle.go:180.43,182.4 1 1
github.com/dobrovols/chainctl/pkg/bundle/bundle.go:185.2,190.8 1 1
github.com/dobrovols/chainctl/pkg/bundle/bundle.go:193.50,197.16 4 1
github.com/dobrovols/chainctl/pkg/bundle/bundle.go:197.16,199.3 1 0
github.com/dobrovols/chainctl/pkg/bundle/bundle.go:200.2,200.34 1 1
github.com/dobrovols/chainctl/pkg/bundle/bundle.go:200.34,202.3 1 0
github.com/dobrovols/chainctl/pkg/bundle/bundle.go:203.2,203.20 1 1
github.com/dobrovols/chainctl/internal/cli/root.go:13.38,25.2 6 0
github.com/dobrovols/chainctl/cmd/chainctl/secrets/encrypt.go:19.41,29.55 6 1
github.com/dobrovols/chainctl/cmd/chainctl/secrets/encrypt.go:29.55,32.23 2 1
github.com/dobrovols/chainctl/cmd/chainctl/secrets/encrypt.go:32.23,34.5 1 0
github.com/dobrovols/chainctl/cmd/chainctl/secrets/encrypt.go:35.4,35.24 1 1
github.com/dobrovols/chainctl/cmd/chainctl/secrets/encrypt.go:35.24,37.5 1 0
github.com/dobrovols/chainctl/cmd/chainctl/secrets/encrypt.go:39.4,40.20 2 1
github.com/dobrovols/chainctl/cmd/chainctl/secrets/encrypt.go:40.20,42.5 1 0
github.com/dobrovols/chainctl/cmd/chainctl/secrets/encrypt.go:43.4,43.44 1 1
github.com/dobrovols/chainctl/cmd/chainctl/secrets/encrypt.go:43.44,45.5 1 0
github.com/dobrovols/chainctl/cmd/chainctl/secrets/encrypt.go:47.4,47.24 1 1
github.com/dobrovols/chainctl/cmd/chainctl/secrets/encrypt.go:47.24,50.19 3 0
github.com/dobrovols/chainctl/cmd/chainctl/secrets/encrypt.go:50.19,52.6 1 0
github.com/dobrovols/chainctl/cmd/chainctl/secrets/encrypt.go:55.4,61.18 2 1
github.com/dobrovols/chainctl/cmd/chainctl/secrets/encrypt.go:61.18,63.5 1 1
github.com/dobrovols/chainctl/cmd/chainctl/secrets/encrypt.go:65.4,65.18 1 1
github.com/dobrovols/chainctl/cmd/chainctl/secrets/encrypt.go:66.16,73.59 4 1
github.com/dobrovols/chainctl/cmd/chainctl/secrets/encrypt.go:73.59,75.6 1 0
github.com/dobrovols/chainctl/cmd/chainctl/secrets/encrypt.go:76.12,77.121 1 1
github.com/dobrovols/chainctl/cmd/chainctl/secrets/encrypt.go:80.4,80.14 1 1
github.com/dobrovols/chainctl/cmd/chainctl/secrets/encrypt.go:84.2,90.12 6 1
github.com/dobrovols/chainctl/cmd/chainctl/secrets/encrypt.go:93.60,94.42 1 0
github.com/dobrovols/chainctl/cmd/chainctl/secrets/encrypt.go:94.42,96.3 1 0
github.com/dobrovols/chainctl/cmd/chainctl/secrets/encrypt.go:98.2,101.16 4 0
github.com/dobrovols/chainctl/cmd/chainctl/secrets/encrypt.go:101.16,103.3 1 0
github.com/dobrovols/chainctl/cmd/chainctl/secrets/encrypt.go:105.2,108.16 4 0
github.com/dobrovols/chainctl/cmd/chainctl/secrets/encrypt.go:108.16,111.3 2 0
github.com/dobrovols/chainctl/cmd/chainctl/secrets/encrypt.go:113.2,113.32 1 0
github.com/dobrovols/chainctl/cmd/chainctl/secrets/encrypt.go:113.32,117.3 3 0
github.com/dobrovols/chainctl/cmd/chainctl/secrets/encrypt.go:119.2,122.24 4 0
github.com/dobrovols/chainctl/cmd/chainctl/secrets/encrypt.go:125.23,126.21 1 0
github.com/dobrovols/chainctl/cmd/chainctl/secrets/encrypt.go:126.21,128.3 1 0
github.com/dobrovols/chainctl/internal/telemetry/setup.go:25.77,27.18 2 0
github.com/dobrovols/chainctl/internal/telemetry/setup.go:28.18,29.38 1 0
github.com/dobrovols/chainctl/internal/telemetry/setup.go:29.38,29.52 1 0
github.com/dobrovols/chainctl/internal/telemetry/setup.go:30.16,32.17 2 0
github.com/dobrovols/chainctl/internal/telemetry/setup.go:32.17,34.4 1 0
github.com/dobrovols/chainctl/internal/telemetry/setup.go:35.3,36.17 2 0
github.com/dobrovols/chainctl/internal/telemetry/setup.go:36.17,38.4 1 0
github.com/dobrovols/chainctl/internal/telemetry/setup.go:39.3,39.45 1 0
github.com/dobrovols/chainctl/internal/telemetry/setup.go:40.19,42.17 2 0
github.com/dobrovols/chainctl/internal/telemetry/setup.go:42.17,44.4 1 0
github.com/dobrovols/chainctl/internal/telemetry/setup.go:45.3,45.43 1 0
github.com/dobrovols/chainctl/internal/telemetry/setup.go:46.19,48.17 2 0
github.com/dobrovols/chainctl/internal/telemetry/setup.go:48.17,50.4 1 0
github.com/dobrovols/chainctl/internal/telemetry/setup.go:51.3,51.43 1 0
github.com/dobrovols/chainctl/internal/telemetry/setup.go:52.10,53.38 1 0
github.com/dobrovols/chainctl/internal/telemetry/setup.go:53.38,53.52 1 0
github.com/dobrovols/chainctl/internal/telemetry/setup.go:57.136,64.16 2 0
github.com/dobrovols/chainctl/internal/telemetry/setup.go:64.16,66.3 1 0
github.com/dobrovols/chainctl/internal/telemetry/setup.go:68.2,75.18 4 0
github.com/dobrovols/chainctl/internal/telemetry/setup.go:75.18,81.3 2 0
github.com/dobrovols/chainctl/internal/telemetry/setup.go:83.2,83.41 1 0
github.com/dobrovols/chainctl/internal/telemetry/setup.go:83.41,84.16 1 0
github.com/dobrovols/chainctl/internal/telemetry/setup.go:84.16,85.43 1 0
github.com/dobrovols/chainctl/internal/telemetry/setup.go:85.43,87.5 1 0
github.com/dobrovols/chainctl/internal/telemetry/setup.go:89.3,89.26 1 0
github.com/dobrovols/chainctl/internal/telemetry/setup.go:93.30,95.17 2 0
github.com/dobrovols/chainctl/internal/telemetry/setup.go:95.17,96.45 1 0
github.com/dobrovols/chainctl/internal/telemetry/setup.go:96.45,98.4 1 0
github.com/dobrovols/chainctl/internal/telemetry/setup.go:100.2,101.35 2 0
github.com/dobrovols/chainctl/pkg/helm/client.go:19.45,20.17 1 1
github.com/dobrovols/chainctl/pkg/helm/client.go:20.17,22.3 1 0
github.com/dobrovols/chainctl/pkg/helm/client.go:23.2,23.31 1 1
github.com/dobrovols/chainctl/pkg/helm/client.go:27.78,29.2 1 1
github.com/dobrovols/chainctl/pkg/helm/client.go:33.75,33.89 1 0
github.com/dobrovols/chainctl/pkg/telemetry/emitter.go:39.39,43.2 3 1
github.com/dobrovols/chainctl/pkg/telemetry/emitter.go:46.40,50.27 3 1
github.com/dobrovols/chainctl/pkg/telemetry/emitter.go:50.27,52.3 1 1
github.com/dobrovols/chainctl/pkg/telemetry/emitter.go:53.2,53.24 1 1
github.com/dobrovols/chainctl/pkg/telemetry/emitter.go:53.24,55.3 1 0
github.com/dobrovols/chainctl/pkg/telemetry/emitter.go:56.2,56.29 1 1
github.com/dobrovols/chainctl/pkg/telemetry/emitter.go:60.93,62.90 2 1
github.com/dobrovols/chainctl/pkg/telemetry/emitter.go:62.90,64.3 1 0
github.com/dobrovols/chainctl/pkg/telemetry/emitter.go:66.2,69.16 3 1
github.com/dobrovols/chainctl/pkg/telemetry/emitter.go:69.16,71.3 1 1
github.com/dobrovols/chainctl/pkg/telemetry/emitter.go:73.2,74.20 2 1
github.com/dobrovols/chainctl/pkg/telemetry/emitter.go:74.20,76.3 1 0
github.com/dobrovols/chainctl/pkg/telemetry/emitter.go:78.2,78.12 1 1
github.com/dobrovols/chainctl/pkg/secrets/encrypt.go:45.63,46.51 1 1
github.com/dobrovols/chainctl/pkg/secrets/encrypt.go:46.51,48.3 1 0
github.com/dobrovols/chainctl/pkg/secrets/encrypt.go:49.2,49.27 1 1
github.com/dobrovols/chainctl/pkg/secrets/encrypt.go:49.27,51.3 1 0
github.com/dobrovols/chainctl/pkg/secrets/encrypt.go:53.2,53.21 1 1
github.com/dobrovols/chainctl/pkg/secrets/encrypt.go:53.21,54.53 1 0
github.com/dobrovols/chainctl/pkg/secrets/encrypt.go:54.53,56.4 1 0
github.com/dobrovols/chainctl/pkg/secrets/encrypt.go:59.2,60.16 2 1
github.com/dobrovols/chainctl/pkg/secrets/encrypt.go:60.16,62.3 1 0
github.com/dobrovols/chainctl/pkg/secrets/encrypt.go:63.2,63.42 1 1
github.com/dobrovols/chainctl/pkg/secrets/encrypt.go:63.42,65.3 1 0
github.com/dobrovols/chainctl/pkg/secrets/encrypt.go:67.2,68.58 2 1
github.com/dobrovols/chainctl/pkg/secrets/encrypt.go:68.58,70.3 1 0
github.com/dobrovols/chainctl/pkg/secrets/encrypt.go:72.2,74.16 3 1
github.com/dobrovols/chainctl/pkg/secrets/encrypt.go:74.16,76.3 1 0
github.com/dobrovols/chainctl/pkg/secrets/encrypt.go:77.2,81.16 4 1
github.com/dobrovols/chainctl/pkg/secrets/encrypt.go:81.16,83.3 1 0
github.com/dobrovols/chainctl/pkg/secrets/encrypt.go:85.2,86.59 2 1
github.com/dobrovols/chainctl/pkg/secrets/encrypt.go:86.59,88.3 1 0
github.com/dobrovols/chainctl/pkg/secrets/encrypt.go:90.2,91.16 2 1
github.com/dobrovols/chainctl/pkg/secrets/encrypt.go:91.16,93.3 1 0
github.com/dobrovols/chainctl/pkg/secrets/encrypt.go:95.2,104.74 8 1
github.com/dobrovols/chainctl/pkg/secrets/encrypt.go:104.74,106.3 1 0
github.com/dobrovols/chainctl/pkg/secrets/encrypt.go:108.2,115.8 3 1
github.com/dobrovols/chainctl/pkg/secrets/encrypt.go:119.55,120.26 1 1
github.com/dobrovols/chainctl/pkg/secrets/encrypt.go:120.26,122.3 1 0
github.com/dobrovols/chainctl/pkg/secrets/encrypt.go:123.2,123.27 1 1
github.com/dobrovols/chainctl/pkg/secrets/encrypt.go:123.27,125.3 1 0
github.com/dobrovols/chainctl/pkg/secrets/encrypt.go:127.2,128.16 2 1
github.com/dobrovols/chainctl/pkg/secrets/encrypt.go:128.16,130.3 1 0
github.com/dobrovols/chainctl/pkg/secrets/encrypt.go:132.2,134.28 3 1
github.com/dobrovols/chainctl/pkg/secrets/encrypt.go:134.28,136.3 1 1
github.com/dobrovols/chainctl/pkg/secrets/encrypt.go:138.2,138.59 1 1
github.com/dobrovols/chainctl/pkg/secrets/encrypt.go:138.59,140.3 1 0
github.com/dobrovols/chainctl/pkg/secrets/encrypt.go:141.2,141.52 1 1
github.com/dobrovols/chainctl/pkg/secrets/encrypt.go:141.52,143.3 1 0
github.com/dobrovols/chainctl/pkg/secrets/encrypt.go:145.2,155.16 10 1
github.com/dobrovols/chainctl/pkg/secrets/encrypt.go:155.16,157.3 1 0
github.com/dobrovols/chainctl/pkg/secrets/encrypt.go:158.2,161.16 3 1
github.com/dobrovols/chainctl/pkg/secrets/encrypt.go:161.16,163.3 1 0
github.com/dobrovols/chainctl/pkg/secrets/encrypt.go:164.2,165.16 2 1
github.com/dobrovols/chainctl/pkg/secrets/encrypt.go:165.16,167.3 1 0
github.com/dobrovols/chainctl/pkg/secrets/encrypt.go:169.2,171.16 3 1
github.com/dobrovols/chainctl/pkg/secrets/encrypt.go:171.16,173.3 1 1
github.com/dobrovols/chainctl/pkg/secrets/encrypt.go:175.2,179.20 4 1
github.com/dobrovols/chainctl/pkg/secrets/encrypt.go:182.28,183.21 1 1
github.com/dobrovols/chainctl/pkg/secrets/encrypt.go:183.21,185.3 1 1
github.com/dobrovols/chainctl/pkg/secrets/errors.go:18.43,20.2 1 1
github.com/dobrovols/chainctl/pkg/secrets/errors.go:22.32,24.2 1 0
github.com/dobrovols/chainctl/pkg/secrets/errors.go:26.32,28.2 1 0
github.com/dobrovols/chainctl/pkg/secrets/errors.go:30.33,32.2 1 0
github.com/dobrovols/chainctl/pkg/tokens/store.go:69.36,71.2 1 1
github.com/dobrovols/chainctl/pkg/tokens/store.go:74.73,75.66 1 1
github.com/dobrovols/chainctl/pkg/tokens/store.go:75.66,77.3 1 0
github.com/dobrovols/chainctl/pkg/tokens/store.go:78.2,79.14 2 1
github.com/dobrovols/chainctl/pkg/tokens/store.go:79.14,81.3 1 0
github.com/dobrovols/chainctl/pkg/tokens/store.go:82.2,82.18 1 1
github.com/dobrovols/chainctl/pkg/tokens/store.go:82.18,84.3 1 1
github.com/dobrovols/chainctl/pkg/tokens/store.go:86.2,87.16 2 1
github.com/dobrovols/chainctl/pkg/tokens/store.go:87.16,89.3 1 0
github.com/dobrovols/chainctl/pkg/tokens/store.go:90.2,91.16 2 1
github.com/dobrovols/chainctl/pkg/tokens/store.go:91.16,93.3 1 0
github.com/dobrovols/chainctl/pkg/tokens/store.go:95.2,119.8 7 1
github.com/dobrovols/chainctl/pkg/tokens/store.go:123.71,125.16 2 1
github.com/dobrovols/chainctl/pkg/tokens/store.go:125.16,127.3 1 0
github.com/dobrovols/chainctl/pkg/tokens/store.go:129.2,133.9 4 1
github.com/dobrovols/chainctl/pkg/tokens/store.go:133.9,135.3 1 0
github.com/dobrovols/chainctl/pkg/tokens/store.go:136.2,136.21 1 1
github.com/dobrovols/chainctl/pkg/tokens/store.go:136.21,138.3 1 1
github.com/dobrovols/chainctl/pkg/tokens/store.go:139.2,139.40 1 1
github.com/dobrovols/chainctl/pkg/tokens/store.go:139.40,141.3 1 1
github.com/dobrovols/chainctl/pkg/tokens/store.go:142.2,142.30 1 1
github.com/dobrovols/chainctl/pkg/tokens/store.go:142.30,144.3 1 1
github.com/dobrovols/chainctl/pkg/tokens/store.go:146.2,146.40 1 1
github.com/dobrovols/chainctl/pkg/tokens/store.go:146.40,148.3 1 0
github.com/dobrovols/chainctl/pkg/tokens/store.go:150.2,151.12 2 1
github.com/dobrovols/chainctl/pkg/tokens/store.go:155.53,157.16 2 1
github.com/dobrovols/chainctl/pkg/tokens/store.go:157.16,159.3 1 0
github.com/dobrovols/chainctl/pkg/tokens/store.go:161.2,163.36 3 1
github.com/dobrovols/chainctl/pkg/tokens/store.go:163.36,165.3 1 1
github.com/dobrovols/chainctl/pkg/tokens/store.go:168.55,170.57 2 1
github.com/dobrovols/chainctl/pkg/tokens/store.go:170.57,172.3 1 0
github.com/dobrovols/chainctl/pkg/tokens/store.go:173.2,173.32 1 1
github.com/dobrovols/chainctl/pkg/tokens/store.go:176.39,178.42 2 1
github.com/dobrovols/chainctl/pkg/tokens/store.go:178.42,180.3 1 0
github.com/dobrovols/chainctl/pkg/tokens/store.go:181.2,181.37 1 1
github.com/dobrovols/chainctl/pkg/tokens/store.go:184.43,187.2 2 1
github.com/dobrovols/chainctl/pkg/tokens/store.go:189.59,191.47 2 1
github.com/dobrovols/chainctl/pkg/tokens/store.go:191.47,193.3 1 0
github.com/dobrovols/chainctl/pkg/tokens/store.go:194.2,195.20 2 1
github.com/dobrovols/chainctl/pkg/upgrade/controller.go:39.36,40.14 1 1
github.com/dobrovols/chainctl/pkg/upgrade/controller.go:40.14,42.3 1 0
github.com/dobrovols/chainctl/pkg/upgrade/controller.go:43.2,43.28 1 1
github.com/dobrovols/chainctl/pkg/upgrade/controller.go:47.73,48.27 1 1
github.com/dobrovols/chainctl/pkg/upgrade/controller.go:48.27,50.3 1 1
github.com/dobrovols/chainctl/pkg/upgrade/controller.go:51.2,51.84 1 1
github.com/dobrovols/chainctl/pkg/upgrade/controller.go:51.84,53.3 1 1
github.com/dobrovols/chainctl/pkg/upgrade/controller.go:54.2,54.43 1 1
github.com/dobrovols/chainctl/pkg/upgrade/controller.go:59.67,59.81 1 0
github.com/dobrovols/chainctl/pkg/upgrade/controller.go:60.67,60.81 1 0
github.com/dobrovols/chainctl/pkg/upgrade/controller.go:68.79,69.19 1 0
github.com/dobrovols/chainctl/pkg/upgrade/controller.go:69.19,71.3 1 0
github.com/dobrovols/chainctl/pkg/upgrade/controller.go:72.2,72.47 1 0
github.com/dobrovols/chainctl/pkg/upgrade/controller.go:76.93,80.51 4 0
github.com/dobrovols/chainctl/pkg/upgrade/controller.go:80.51,82.3 1 0
github.com/dobrovols/chainctl/pkg/upgrade/controller.go:83.2,83.12 1 0
github.com/dobrovols/chainctl/pkg/upgrade/controller.go:87.81,95.36 6 0
github.com/dobrovols/chainctl/pkg/upgrade/controller.go:95.36,99.112 4 0
github.com/dobrovols/chainctl/pkg/upgrade/controller.go:99.112,101.4 1 0
github.com/dobrovols/chainctl/pkg/upgrade/controller.go:102.3,103.57 2 0
github.com/dobrovols/chainctl/pkg/upgrade/controller.go:105.2,105.12 1 0
github.com/dobrovols/chainctl/pkg/upgrade/controller.go:109.46,117.2 3 0
github.com/dobrovols/chainctl/internal/config/profile_loader.go:52.29,52.54 1 1
github.com/dobrovols/chainctl/internal/config/profile_loader.go:55.41,55.73 1 1
github.com/dobrovols/chainctl/internal/config/profile_loader.go:58.39,58.69 1 0
github.com/dobrovols/chainctl/internal/config/profile_loader.go:61.36,61.63 1 1
github.com/dobrovols/chainctl/internal/config/profile_loader.go:64.51,66.14 2 1
github.com/dobrovols/chainctl/internal/config/profile_loader.go:67.33,68.25 1 1
github.com/dobrovols/chainctl/internal/config/profile_loader.go:69.25,70.21 1 1
github.com/dobrovols/chainctl/internal/config/profile_loader.go:71.10,72.29 1 1
github.com/dobrovols/chainctl/internal/config/profile_loader.go:75.2,75.71 1 1
github.com/dobrovols/chainctl/internal/config/profile_loader.go:75.71,77.3 1 1
github.com/dobrovols/chainctl/internal/config/profile_loader.go:79.2,79.52 1 1
github.com/dobrovols/chainctl/internal/config/profile_loader.go:79.52,81.3 1 0
github.com/dobrovols/chainctl/internal/config/profile_loader.go:83.2,93.25 2 1
github.com/dobrovols/chainctl/internal/config/profile_loader.go:93.25,95.3 1 1
github.com/dobrovols/chainctl/internal/config/profile_loader.go:97.2,97.23 1 1
github.com/dobrovols/chainctl/internal/config/profile_loader.go:97.23,98.53 1 1
github.com/dobrovols/chainctl/internal/config/profile_loader.go:98.53,100.4 1 1
github.com/dobrovols/chainctl/internal/config/profile_loader.go:101.3,101.61 1 1
github.com/dobrovols/chainctl/internal/config/profile_loader.go:104.2,104.21 1 1
github.com/dobrovols/chainctl/internal/config/profile_loader.go:107.49,108.34 1 1
github.com/dobrovols/chainctl/internal/config/profile_loader.go:108.34,110.3 1 1
github.com/dobrovols/chainctl/internal/config/profile_loader.go:111.2,111.12 1 1
github.com/dobrovols/chainctl/internal/config/profile_loader.go:115.35,118.24 3 0
github.com/dobrovols/chainctl/internal/config/profile_loader.go:118.24,120.3 1 0
github.com/dobrovols/chainctl/internal/config/profile_loader.go:121.2,121.170 1 0
github.com/dobrovols/chainctl/internal/validation/cluster.go:11.46,13.16 2 0
github.com/dobrovols/chainctl/internal/validation/cluster.go:13.16,15.3 1 0
github.com/dobrovols/chainctl/internal/validation/cluster.go:17.2,17.65 1 0
github.com/dobrovols/chainctl/internal/validation/cluster.go:17.65,19.3 1 0
github.com/dobrovols/chainctl/internal/validation/cluster.go:21.2,21.12 1 0
github.com/dobrovols/chainctl/internal/validation/preflight.go:25.63,26.16 1 1
github.com/dobrovols/chainctl/internal/validation/preflight.go:26.16,28.3 1 0
github.com/dobrovols/chainctl/internal/validation/preflight.go:30.2,32.20 2 1
github.com/dobrovols/chainctl/internal/validation/preflight.go:32.20,34.25 2 1
github.com/dobrovols/chainctl/internal/validation/preflight.go:34.25,36.4 1 1
github.com/dobrovols/chainctl/internal/validation/preflight.go:39.2,39.26 1 1
github.com/dobrovols/chainctl/internal/validation/preflight.go:39.26,41.29 2 1
github.com/dobrovols/chainctl/internal/validation/preflight.go:41.29,43.4 1 1
github.com/dobrovols/chainctl/internal/validation/preflight.go:46.2,46.43 1 1
github.com/dobrovols/chainctl/internal/validation/preflight.go:46.43,47.35 1 1
github.com/dobrovols/chainctl/internal/validation/preflight.go:47.35,49.4 1 1
github.com/dobrovols/chainctl/internal/validation/preflight.go:52.2,52.43 1 1
github.com/dobrovols/chainctl/internal/validation/preflight.go:52.43,53.42 1 1
github.com/dobrovols/chainctl/internal/validation/preflight.go:53.42,55.4 1 1
github.com/dobrovols/chainctl/internal/validation/preflight.go:58.2,58.49 1 1
github.com/dobrovols/chainctl/internal/validation/preflight.go:58.49,60.3 1 1
github.com/dobrovols/chainctl/internal/validation/preflight.go:62.2,62.57 1 1
github.com/dobrovols/chainctl/internal/validation/preflight.go:77.40,77.67 1 0
github.com/dobrovols/chainctl/internal/validation/preflight.go:80.41,82.29 1 0
github.com/dobrovols/chainctl/internal/validation/preflight.go:82.29,84.17 2 0
github.com/dobrovols/chainctl/internal/validation/preflight.go:84.17,86.50 2 0
github.com/dobrovols/chainctl/internal/validation/preflight.go:86.50,87.73 1 0
github.com/dobrovols/chainctl/internal/validation/preflight.go:87.73,89.6 1 0
github.com/dobrovols/chainctl/internal/validation/preflight.go:94.2,94.10 1 0
github.com/dobrovols/chainctl/internal/validation/preflight.go:98.36,101.19 3 0
github.com/dobrovols/chainctl/internal/validation/preflight.go:101.19,102.19 1 0
github.com/dobrovols/chainctl/internal/validation/preflight.go:102.19,105.4 2 0
github.com/dobrovols/chainctl/internal/validation/preflight.go:107.2,107.20 1 0
github.com/dobrovols/chainctl/internal/validation/preflight.go:107.20,109.3 1 0
github.com/dobrovols/chainctl/internal/validation/preflight.go:110.2,110.14 1 0
github.com/dobrovols/chainctl/internal/validation/preflight.go:114.54,114.69 1 0
github.com/dobrovols/chainctl/internal/validation/preflight.go:117.50,117.78 1 0
